#-----------------------------------------------------------
# Vivado v2022.1 (64-bit)
# SW Build 3526262 on Mon Apr 18 15:48:16 MDT 2022
# IP Build 3524634 on Mon Apr 18 20:55:01 MDT 2022
# Start of session at: Mon Feb 13 22:36:53 2023
# Process ID: 19256
# Current directory: D:/GitHub/ProgHLoek/avans-progh/keyboard
# Command line: vivado.exe -gui_launcher_event rodinguilauncherevent21932 D:\GitHub\ProgHLoek\avans-progh\keyboard\keyboard.xpr
# Log file: D:/GitHub/ProgHLoek/avans-progh/keyboard/vivado.log
# Journal file: D:/GitHub/ProgHLoek/avans-progh/keyboard\vivado.jou
# Running On: Big-Chinese-Export-Toaster, OS: Windows, CPU Frequency: 2592 MHz, CPU Physical cores: 6, Host memory: 17016 MB
#-----------------------------------------------------------
start_gui
WARNING: [Board 49-26] cannot add Board Part xilinx.com:vpk120_es:part0:1.2 available at D:/VIVADO/Vivado/2022.1/data/xhub/boards/XilinxBoardStore/boards/Xilinx/vpk120/es/1.2/board.xml as part xcvp1202-vsva2785-2mp-e-s-es1 specified in board_part file is either invalid or not available
WARNING: [Board 49-26] cannot add Board Part xilinx.com:vpk120_es_revb:part0:1.0 available at D:/VIVADO/Vivado/2022.1/data/xhub/boards/XilinxBoardStore/boards/Xilinx/vpk120_revb/es/1.0/board.xml as part xcvp1202-vsva2785-2mp-e-s-es1 specified in board_part file is either invalid or not available
WARNING: [Board 49-26] cannot add Board Part xilinx.com:zcu208ld:part0:2.0 available at D:/VIVADO/Vivado/2022.1/data/xhub/boards/XilinxBoardStore/boards/Xilinx/zcu208ld/production/2.0/board.xml as part xczu58dr-fsvg1517-2-i specified in board_part file is either invalid or not available
WARNING: [Board 49-26] cannot add Board Part xilinx.com:zcu216ld:part0:2.0 available at D:/VIVADO/Vivado/2022.1/data/xhub/boards/XilinxBoardStore/boards/Xilinx/zcu216ld/production/2.0/board.xml as part xczu59dr-ffvf1760-2-i specified in board_part file is either invalid or not available
WARNING: [Board 49-26] cannot add Board Part xilinx.com:zcu670:part0:2.0 available at D:/VIVADO/Vivado/2022.1/data/xhub/boards/XilinxBoardStore/boards/Xilinx/zcu670/2.0/board.xml as part xczu67dr-fsve1156-2-i specified in board_part file is either invalid or not available
WARNING: [Board 49-26] cannot add Board Part xilinx.com:zcu670ld:part0:1.0 available at D:/VIVADO/Vivado/2022.1/data/xhub/boards/XilinxBoardStore/boards/Xilinx/zcu670ld/1.0/board.xml as part xczu57dr-fsve1156-2-i specified in board_part file is either invalid or not available
open_project D:/GitHub/ProgHLoek/avans-progh/keyboard/keyboard.xpr
INFO: [Project 1-313] Project file moved from '/home/loek/docs/repos/progh-huiswerk/keyboard' since last save.
WARNING: [filemgmt 56-2] Board Part Repository Path: Could not find the directory 'D:/.Xilinx/Vivado/2022.2/xhub/board_store/xilinx_board_store', nor could it be found using path 'D:/home/loek/.Xilinx/Vivado/2022.2/xhub/board_store/xilinx_board_store'.
INFO: [filemgmt 56-2] Default IP Output Path : Could not find the directory 'D:/GitHub/ProgHLoek/avans-progh/keyboard/keyboard.gen/sources_1', nor could it be found using path 'D:/home/loek/docs/repos/progh-huiswerk/keyboard/keyboard.gen/sources_1'.
CRITICAL WARNING: [Project 1-505] Unrecognized Option Name SimCompileState
WARNING: [filemgmt 56-2] IPUserFilesDir: Could not find the directory 'D:/GitHub/ProgHLoek/avans-progh/keyboard/keyboard.ip_user_files', nor could it be found using path 'D:/home/loek/docs/repos/progh-huiswerk/keyboard/keyboard.ip_user_files'.
Scanning sources...
Finished scanning sources
WARNING: [Project 1-231] Project 'keyboard.xpr' was created with a future version and may or may not perform reliably with this version of Vivado. It has been opened in read-only mode for the protection of unrecognized data. Use 'File | Save Project As...' if you wish to alter a copy of the project.
INFO: [IP_Flow 19-234] Refreshing IP repositories
INFO: [IP_Flow 19-1704] No user IP repositories specified
INFO: [IP_Flow 19-2313] Loaded Vivado IP repository 'D:/VIVADO/Vivado/2022.1/data/ip'.
update_compile_order -fileset sources_1
exit
INFO: [Common 17-206] Exiting Vivado at Mon Feb 13 22:37:51 2023...
